12:40:13,671 DEBUG devpinoyLogger:45 - Lgoin
12:40:15,397 DEBUG RequestAddCookies:123 - CookieSpec selected: default
12:40:15,413 DEBUG RequestAuthCache:77 - Auth cache not set in the context
12:40:15,417 DEBUG PoolingHttpClientConnectionManager:255 - Connection request: [route: {}->http://localhost:19188][total kept alive: 0; route allocated: 0 of 2000; total allocated: 0 of 2000]
12:40:15,436 DEBUG PoolingHttpClientConnectionManager:288 - Connection leased: [id: 0][route: {}->http://localhost:19188][total kept alive: 0; route allocated: 1 of 2000; total allocated: 1 of 2000]
12:40:15,439 DEBUG MainClientExec:235 - Opening connection {}->http://localhost:19188
12:40:15,441 DEBUG DefaultHttpClientConnectionOperator:139 - Connecting to localhost/127.0.0.1:19188
12:40:15,444 DEBUG DefaultHttpClientConnectionOperator:146 - Connection established 127.0.0.1:54331<->127.0.0.1:19188
12:40:15,444 DEBUG DefaultManagedHttpClientConnection:88 - http-outgoing-0: set socket timeout to 10800000
12:40:15,445 DEBUG MainClientExec:256 - Executing request POST /session HTTP/1.1
12:40:15,445 DEBUG MainClientExec:261 - Target auth state: UNCHALLENGED
12:40:15,446 DEBUG MainClientExec:267 - Proxy auth state: UNCHALLENGED
12:40:15,447 DEBUG headers:133 - http-outgoing-0 >> POST /session HTTP/1.1
12:40:15,448 DEBUG headers:136 - http-outgoing-0 >> Content-Type: application/json; charset=utf-8
12:40:15,448 DEBUG headers:136 - http-outgoing-0 >> Content-Length: 335
12:40:15,448 DEBUG headers:136 - http-outgoing-0 >> Host: localhost:19188
12:40:15,449 DEBUG headers:136 - http-outgoing-0 >> Connection: Keep-Alive
12:40:15,450 DEBUG headers:136 - http-outgoing-0 >> User-Agent: Apache-HttpClient/4.5.3 (Java/1.8.0_201)
12:40:15,450 DEBUG headers:136 - http-outgoing-0 >> Accept-Encoding: gzip,deflate
12:40:15,450 DEBUG wire:73 - http-outgoing-0 >> "POST /session HTTP/1.1[\r][\n]"
12:40:15,451 DEBUG wire:73 - http-outgoing-0 >> "Content-Type: application/json; charset=utf-8[\r][\n]"
12:40:15,451 DEBUG wire:73 - http-outgoing-0 >> "Content-Length: 335[\r][\n]"
12:40:15,451 DEBUG wire:73 - http-outgoing-0 >> "Host: localhost:19188[\r][\n]"
12:40:15,451 DEBUG wire:73 - http-outgoing-0 >> "Connection: Keep-Alive[\r][\n]"
12:40:15,452 DEBUG wire:73 - http-outgoing-0 >> "User-Agent: Apache-HttpClient/4.5.3 (Java/1.8.0_201)[\r][\n]"
12:40:15,454 DEBUG wire:73 - http-outgoing-0 >> "Accept-Encoding: gzip,deflate[\r][\n]"
12:40:15,455 DEBUG wire:73 - http-outgoing-0 >> "[\r][\n]"
12:40:15,455 DEBUG wire:73 - http-outgoing-0 >> "{[\n]"
12:40:15,455 DEBUG wire:73 - http-outgoing-0 >> "  "desiredCapabilities": {"browserName":"chrome","goog:chromeOptions":{"args":[],"extensions":[]}},[\n]"
12:40:15,456 DEBUG wire:73 - http-outgoing-0 >> "  "capabilities": {[\n]"
12:40:15,456 DEBUG wire:73 - http-outgoing-0 >> "    "desiredCapabilities": {"browserName":"chrome","goog:chromeOptions":{"args":[],"extensions":[]}},[\n]"
12:40:15,456 DEBUG wire:73 - http-outgoing-0 >> "    "firstMatch": [[\n]"
12:40:15,456 DEBUG wire:73 - http-outgoing-0 >> "      {"browserName":"chrome","goog:chromeOptions":{"args":[],"extensions":[]}}[\n]"
12:40:15,457 DEBUG wire:73 - http-outgoing-0 >> "    ][\n]"
12:40:15,457 DEBUG wire:73 - http-outgoing-0 >> "  }[\n]"
12:40:15,458 DEBUG wire:87 - http-outgoing-0 >> "}"
12:40:20,285 DEBUG wire:73 - http-outgoing-0 << "HTTP/1.1 200 OK[\r][\n]"
12:40:20,285 DEBUG wire:73 - http-outgoing-0 << "Content-Length:686[\r][\n]"
12:40:20,286 DEBUG wire:73 - http-outgoing-0 << "Content-Type:application/json; charset=utf-8[\r][\n]"
12:40:20,286 DEBUG wire:73 - http-outgoing-0 << "cache-control:no-cache[\r][\n]"
12:40:20,287 DEBUG wire:73 - http-outgoing-0 << "[\r][\n]"
12:40:20,288 DEBUG wire:87 - http-outgoing-0 << "{"value":{"capabilities":{"acceptInsecureCerts":false,"browserName":"chrome","browserVersion":"75.0.3770.142","chrome":{"chromedriverVersion":"75.0.3770.140 (2d9f97485c7b07dc18a74666574f19176731995c-refs/branch-heads/3770@{#1155})","userDataDir":"C:\\Users\\praskaru\\AppData\\Local\\Temp\\1\\scoped_dir17808_24340"},"goog:chromeOptions":{"debuggerAddress":"localhost:54332"},"networkConnectionEnabled":false,"pageLoadStrategy":"normal","platformName":"windows nt","proxy":{},"setWindowRect":true,"strictFileInteractability":false,"timeouts":{"implicit":0,"pageLoad":300000,"script":30000},"unhandledPromptBehavior":"dismiss and notify"},"sessionId":"0fb6baf09abf4363a8a9b807bddb249b"}}"
12:40:20,292 DEBUG headers:122 - http-outgoing-0 << HTTP/1.1 200 OK
12:40:20,292 DEBUG headers:125 - http-outgoing-0 << Content-Length:686
12:40:20,293 DEBUG headers:125 - http-outgoing-0 << Content-Type:application/json; charset=utf-8
12:40:20,293 DEBUG headers:125 - http-outgoing-0 << cache-control:no-cache
12:40:20,301 DEBUG MainClientExec:285 - Connection can be kept alive indefinitely
12:40:20,307 DEBUG PoolingHttpClientConnectionManager:320 - Connection [id: 0][route: {}->http://localhost:19188] can be kept alive indefinitely
12:40:20,308 DEBUG PoolingHttpClientConnectionManager:326 - Connection released: [id: 0][route: {}->http://localhost:19188][total kept alive: 1; route allocated: 1 of 2000; total allocated: 1 of 2000]
12:40:20,373 DEBUG RequestAddCookies:123 - CookieSpec selected: default
12:40:20,374 DEBUG RequestAuthCache:77 - Auth cache not set in the context
12:40:20,375 DEBUG PoolingHttpClientConnectionManager:255 - Connection request: [route: {}->http://localhost:19188][total kept alive: 1; route allocated: 1 of 2000; total allocated: 1 of 2000]
12:40:20,375 DEBUG PoolingHttpClientConnectionManager:288 - Connection leased: [id: 0][route: {}->http://localhost:19188][total kept alive: 0; route allocated: 1 of 2000; total allocated: 1 of 2000]
12:40:20,375 DEBUG MainClientExec:208 - Stale connection check
12:40:20,378 DEBUG wire:87 - http-outgoing-0 << "[read] I/O error: Read timed out"
12:40:20,378 DEBUG DefaultManagedHttpClientConnection:88 - http-outgoing-0: set socket timeout to 10800000
12:40:20,379 DEBUG MainClientExec:256 - Executing request POST /session/0fb6baf09abf4363a8a9b807bddb249b/timeouts HTTP/1.1
12:40:20,379 DEBUG MainClientExec:261 - Target auth state: UNCHALLENGED
12:40:20,379 DEBUG MainClientExec:267 - Proxy auth state: UNCHALLENGED
12:40:20,380 DEBUG headers:133 - http-outgoing-0 >> POST /session/0fb6baf09abf4363a8a9b807bddb249b/timeouts HTTP/1.1
12:40:20,380 DEBUG headers:136 - http-outgoing-0 >> Content-Type: application/json; charset=utf-8
12:40:20,380 DEBUG headers:136 - http-outgoing-0 >> Content-Length: 18
12:40:20,381 DEBUG headers:136 - http-outgoing-0 >> Host: localhost:19188
12:40:20,381 DEBUG headers:136 - http-outgoing-0 >> Connection: Keep-Alive
12:40:20,381 DEBUG headers:136 - http-outgoing-0 >> User-Agent: Apache-HttpClient/4.5.3 (Java/1.8.0_201)
12:40:20,382 DEBUG headers:136 - http-outgoing-0 >> Accept-Encoding: gzip,deflate
12:40:20,382 DEBUG wire:73 - http-outgoing-0 >> "POST /session/0fb6baf09abf4363a8a9b807bddb249b/timeouts HTTP/1.1[\r][\n]"
12:40:20,382 DEBUG wire:73 - http-outgoing-0 >> "Content-Type: application/json; charset=utf-8[\r][\n]"
12:40:20,382 DEBUG wire:73 - http-outgoing-0 >> "Content-Length: 18[\r][\n]"
12:40:20,383 DEBUG wire:73 - http-outgoing-0 >> "Host: localhost:19188[\r][\n]"
12:40:20,383 DEBUG wire:73 - http-outgoing-0 >> "Connection: Keep-Alive[\r][\n]"
12:40:20,383 DEBUG wire:73 - http-outgoing-0 >> "User-Agent: Apache-HttpClient/4.5.3 (Java/1.8.0_201)[\r][\n]"
12:40:20,384 DEBUG wire:73 - http-outgoing-0 >> "Accept-Encoding: gzip,deflate[\r][\n]"
12:40:20,384 DEBUG wire:73 - http-outgoing-0 >> "[\r][\n]"
12:40:20,384 DEBUG wire:87 - http-outgoing-0 >> "{"implicit":10000}"
12:40:20,387 DEBUG wire:73 - http-outgoing-0 << "HTTP/1.1 200 OK[\r][\n]"
12:40:20,387 DEBUG wire:73 - http-outgoing-0 << "Content-Length:14[\r][\n]"
12:40:20,387 DEBUG wire:73 - http-outgoing-0 << "Content-Type:application/json; charset=utf-8[\r][\n]"
12:40:20,388 DEBUG wire:73 - http-outgoing-0 << "cache-control:no-cache[\r][\n]"
12:40:20,388 DEBUG wire:73 - http-outgoing-0 << "[\r][\n]"
12:40:20,388 DEBUG wire:87 - http-outgoing-0 << "{"value":null}"
12:40:20,389 DEBUG headers:122 - http-outgoing-0 << HTTP/1.1 200 OK
12:40:20,389 DEBUG headers:125 - http-outgoing-0 << Content-Length:14
12:40:20,389 DEBUG headers:125 - http-outgoing-0 << Content-Type:application/json; charset=utf-8
12:40:20,390 DEBUG headers:125 - http-outgoing-0 << cache-control:no-cache
12:40:20,390 DEBUG MainClientExec:285 - Connection can be kept alive indefinitely
12:40:20,390 DEBUG PoolingHttpClientConnectionManager:320 - Connection [id: 0][route: {}->http://localhost:19188] can be kept alive indefinitely
12:40:20,391 DEBUG PoolingHttpClientConnectionManager:326 - Connection released: [id: 0][route: {}->http://localhost:19188][total kept alive: 1; route allocated: 1 of 2000; total allocated: 1 of 2000]
12:40:20,395 DEBUG RequestAddCookies:123 - CookieSpec selected: default
12:40:20,396 DEBUG RequestAuthCache:77 - Auth cache not set in the context
12:40:20,396 DEBUG PoolingHttpClientConnectionManager:255 - Connection request: [route: {}->http://localhost:19188][total kept alive: 1; route allocated: 1 of 2000; total allocated: 1 of 2000]
12:40:20,397 DEBUG PoolingHttpClientConnectionManager:288 - Connection leased: [id: 0][route: {}->http://localhost:19188][total kept alive: 0; route allocated: 1 of 2000; total allocated: 1 of 2000]
12:40:20,397 DEBUG MainClientExec:208 - Stale connection check
12:40:20,398 DEBUG wire:87 - http-outgoing-0 << "[read] I/O error: Read timed out"
12:40:20,398 DEBUG DefaultManagedHttpClientConnection:88 - http-outgoing-0: set socket timeout to 10800000
12:40:20,398 DEBUG MainClientExec:256 - Executing request POST /session/0fb6baf09abf4363a8a9b807bddb249b/url HTTP/1.1
12:40:20,398 DEBUG MainClientExec:261 - Target auth state: UNCHALLENGED
12:40:20,399 DEBUG MainClientExec:267 - Proxy auth state: UNCHALLENGED
12:40:20,399 DEBUG headers:133 - http-outgoing-0 >> POST /session/0fb6baf09abf4363a8a9b807bddb249b/url HTTP/1.1
12:40:20,400 DEBUG headers:136 - http-outgoing-0 >> Content-Type: application/json; charset=utf-8
12:40:20,400 DEBUG headers:136 - http-outgoing-0 >> Content-Length: 49
12:40:20,400 DEBUG headers:136 - http-outgoing-0 >> Host: localhost:19188
12:40:20,400 DEBUG headers:136 - http-outgoing-0 >> Connection: Keep-Alive
12:40:20,401 DEBUG headers:136 - http-outgoing-0 >> User-Agent: Apache-HttpClient/4.5.3 (Java/1.8.0_201)
12:40:20,401 DEBUG headers:136 - http-outgoing-0 >> Accept-Encoding: gzip,deflate
12:40:20,401 DEBUG wire:73 - http-outgoing-0 >> "POST /session/0fb6baf09abf4363a8a9b807bddb249b/url HTTP/1.1[\r][\n]"
12:40:20,402 DEBUG wire:73 - http-outgoing-0 >> "Content-Type: application/json; charset=utf-8[\r][\n]"
12:40:20,402 DEBUG wire:73 - http-outgoing-0 >> "Content-Length: 49[\r][\n]"
12:40:20,402 DEBUG wire:73 - http-outgoing-0 >> "Host: localhost:19188[\r][\n]"
12:40:20,402 DEBUG wire:73 - http-outgoing-0 >> "Connection: Keep-Alive[\r][\n]"
12:40:20,403 DEBUG wire:73 - http-outgoing-0 >> "User-Agent: Apache-HttpClient/4.5.3 (Java/1.8.0_201)[\r][\n]"
12:40:20,403 DEBUG wire:73 - http-outgoing-0 >> "Accept-Encoding: gzip,deflate[\r][\n]"
12:40:20,404 DEBUG wire:73 - http-outgoing-0 >> "[\r][\n]"
12:40:20,404 DEBUG wire:87 - http-outgoing-0 >> "{"url":"http://automationpractice.com/index.php"}"
12:40:58,032 DEBUG wire:73 - http-outgoing-0 << "HTTP/1.1 200 OK[\r][\n]"
12:40:58,033 DEBUG wire:73 - http-outgoing-0 << "Content-Length:14[\r][\n]"
12:40:58,034 DEBUG wire:73 - http-outgoing-0 << "Content-Type:application/json; charset=utf-8[\r][\n]"
12:40:58,034 DEBUG wire:73 - http-outgoing-0 << "cache-control:no-cache[\r][\n]"
12:40:58,034 DEBUG wire:73 - http-outgoing-0 << "[\r][\n]"
12:40:58,034 DEBUG wire:87 - http-outgoing-0 << "{"value":null}"
12:40:58,034 DEBUG headers:122 - http-outgoing-0 << HTTP/1.1 200 OK
12:40:58,034 DEBUG headers:125 - http-outgoing-0 << Content-Length:14
12:40:58,035 DEBUG headers:125 - http-outgoing-0 << Content-Type:application/json; charset=utf-8
12:40:58,035 DEBUG headers:125 - http-outgoing-0 << cache-control:no-cache
12:40:58,035 DEBUG MainClientExec:285 - Connection can be kept alive indefinitely
12:40:58,035 DEBUG PoolingHttpClientConnectionManager:320 - Connection [id: 0][route: {}->http://localhost:19188] can be kept alive indefinitely
12:40:58,036 DEBUG PoolingHttpClientConnectionManager:326 - Connection released: [id: 0][route: {}->http://localhost:19188][total kept alive: 1; route allocated: 1 of 2000; total allocated: 1 of 2000]
12:40:58,041 DEBUG devpinoyLogger:45 - Lgoin
12:40:58,048 DEBUG RequestAddCookies:123 - CookieSpec selected: default
12:40:58,048 DEBUG RequestAuthCache:77 - Auth cache not set in the context
12:40:58,049 DEBUG PoolingHttpClientConnectionManager:255 - Connection request: [route: {}->http://localhost:19188][total kept alive: 1; route allocated: 1 of 2000; total allocated: 1 of 2000]
12:40:58,049 DEBUG PoolingHttpClientConnectionManager:288 - Connection leased: [id: 0][route: {}->http://localhost:19188][total kept alive: 0; route allocated: 1 of 2000; total allocated: 1 of 2000]
12:40:58,049 DEBUG MainClientExec:208 - Stale connection check
12:40:58,052 DEBUG wire:87 - http-outgoing-0 << "[read] I/O error: Read timed out"
12:40:58,052 DEBUG DefaultManagedHttpClientConnection:88 - http-outgoing-0: set socket timeout to 10800000
12:40:58,053 DEBUG MainClientExec:256 - Executing request POST /session/0fb6baf09abf4363a8a9b807bddb249b/element HTTP/1.1
12:40:58,053 DEBUG MainClientExec:261 - Target auth state: UNCHALLENGED
12:40:58,053 DEBUG MainClientExec:267 - Proxy auth state: UNCHALLENGED
12:40:58,054 DEBUG headers:133 - http-outgoing-0 >> POST /session/0fb6baf09abf4363a8a9b807bddb249b/element HTTP/1.1
12:40:58,054 DEBUG headers:136 - http-outgoing-0 >> Content-Type: application/json; charset=utf-8
12:40:58,054 DEBUG headers:136 - http-outgoing-0 >> Content-Length: 39
12:40:58,055 DEBUG headers:136 - http-outgoing-0 >> Host: localhost:19188
12:40:58,055 DEBUG headers:136 - http-outgoing-0 >> Connection: Keep-Alive
12:40:58,055 DEBUG headers:136 - http-outgoing-0 >> User-Agent: Apache-HttpClient/4.5.3 (Java/1.8.0_201)
12:40:58,055 DEBUG headers:136 - http-outgoing-0 >> Accept-Encoding: gzip,deflate
12:40:58,055 DEBUG wire:73 - http-outgoing-0 >> "POST /session/0fb6baf09abf4363a8a9b807bddb249b/element HTTP/1.1[\r][\n]"
12:40:58,056 DEBUG wire:73 - http-outgoing-0 >> "Content-Type: application/json; charset=utf-8[\r][\n]"
12:40:58,056 DEBUG wire:73 - http-outgoing-0 >> "Content-Length: 39[\r][\n]"
12:40:58,056 DEBUG wire:73 - http-outgoing-0 >> "Host: localhost:19188[\r][\n]"
12:40:58,056 DEBUG wire:73 - http-outgoing-0 >> "Connection: Keep-Alive[\r][\n]"
12:40:58,057 DEBUG wire:73 - http-outgoing-0 >> "User-Agent: Apache-HttpClient/4.5.3 (Java/1.8.0_201)[\r][\n]"
12:40:58,057 DEBUG wire:73 - http-outgoing-0 >> "Accept-Encoding: gzip,deflate[\r][\n]"
12:40:58,057 DEBUG wire:73 - http-outgoing-0 >> "[\r][\n]"
12:40:58,057 DEBUG wire:87 - http-outgoing-0 >> "{"value":"Sign in","using":"link text"}"
12:40:58,095 DEBUG wire:73 - http-outgoing-0 << "HTTP/1.1 200 OK[\r][\n]"
12:40:58,095 DEBUG wire:73 - http-outgoing-0 << "Content-Length:88[\r][\n]"
12:40:58,096 DEBUG wire:73 - http-outgoing-0 << "Content-Type:application/json; charset=utf-8[\r][\n]"
12:40:58,096 DEBUG wire:73 - http-outgoing-0 << "cache-control:no-cache[\r][\n]"
12:40:58,096 DEBUG wire:73 - http-outgoing-0 << "[\r][\n]"
12:40:58,096 DEBUG wire:87 - http-outgoing-0 << "{"value":{"element-6066-11e4-a52e-4f735466cecf":"7b83d88c-d0fc-4e50-a3e4-c62c4a2e32ae"}}"
12:40:58,097 DEBUG headers:122 - http-outgoing-0 << HTTP/1.1 200 OK
12:40:58,097 DEBUG headers:125 - http-outgoing-0 << Content-Length:88
12:40:58,097 DEBUG headers:125 - http-outgoing-0 << Content-Type:application/json; charset=utf-8
12:40:58,097 DEBUG headers:125 - http-outgoing-0 << cache-control:no-cache
12:40:58,098 DEBUG MainClientExec:285 - Connection can be kept alive indefinitely
12:40:58,098 DEBUG PoolingHttpClientConnectionManager:320 - Connection [id: 0][route: {}->http://localhost:19188] can be kept alive indefinitely
12:40:58,098 DEBUG PoolingHttpClientConnectionManager:326 - Connection released: [id: 0][route: {}->http://localhost:19188][total kept alive: 1; route allocated: 1 of 2000; total allocated: 1 of 2000]
12:40:58,103 DEBUG RequestAddCookies:123 - CookieSpec selected: default
12:40:58,103 DEBUG RequestAuthCache:77 - Auth cache not set in the context
12:40:58,103 DEBUG PoolingHttpClientConnectionManager:255 - Connection request: [route: {}->http://localhost:19188][total kept alive: 1; route allocated: 1 of 2000; total allocated: 1 of 2000]
12:40:58,104 DEBUG PoolingHttpClientConnectionManager:288 - Connection leased: [id: 0][route: {}->http://localhost:19188][total kept alive: 0; route allocated: 1 of 2000; total allocated: 1 of 2000]
12:40:58,104 DEBUG MainClientExec:208 - Stale connection check
12:40:58,105 DEBUG wire:87 - http-outgoing-0 << "[read] I/O error: Read timed out"
12:40:58,105 DEBUG DefaultManagedHttpClientConnection:88 - http-outgoing-0: set socket timeout to 10800000
12:40:58,105 DEBUG MainClientExec:256 - Executing request POST /session/0fb6baf09abf4363a8a9b807bddb249b/element/7b83d88c-d0fc-4e50-a3e4-c62c4a2e32ae/click HTTP/1.1
12:40:58,105 DEBUG MainClientExec:261 - Target auth state: UNCHALLENGED
12:40:58,106 DEBUG MainClientExec:267 - Proxy auth state: UNCHALLENGED
12:40:58,106 DEBUG headers:133 - http-outgoing-0 >> POST /session/0fb6baf09abf4363a8a9b807bddb249b/element/7b83d88c-d0fc-4e50-a3e4-c62c4a2e32ae/click HTTP/1.1
12:40:58,106 DEBUG headers:136 - http-outgoing-0 >> Content-Type: application/json; charset=utf-8
12:40:58,106 DEBUG headers:136 - http-outgoing-0 >> Content-Length: 45
12:40:58,107 DEBUG headers:136 - http-outgoing-0 >> Host: localhost:19188
12:40:58,107 DEBUG headers:136 - http-outgoing-0 >> Connection: Keep-Alive
12:40:58,107 DEBUG headers:136 - http-outgoing-0 >> User-Agent: Apache-HttpClient/4.5.3 (Java/1.8.0_201)
12:40:58,107 DEBUG headers:136 - http-outgoing-0 >> Accept-Encoding: gzip,deflate
12:40:58,107 DEBUG wire:73 - http-outgoing-0 >> "POST /session/0fb6baf09abf4363a8a9b807bddb249b/element/7b83d88c-d0fc-4e50-a3e4-c62c4a2e32ae/click HTTP/1.1[\r][\n]"
12:40:58,108 DEBUG wire:73 - http-outgoing-0 >> "Content-Type: application/json; charset=utf-8[\r][\n]"
12:40:58,108 DEBUG wire:73 - http-outgoing-0 >> "Content-Length: 45[\r][\n]"
12:40:58,108 DEBUG wire:73 - http-outgoing-0 >> "Host: localhost:19188[\r][\n]"
12:40:58,108 DEBUG wire:73 - http-outgoing-0 >> "Connection: Keep-Alive[\r][\n]"
12:40:58,109 DEBUG wire:73 - http-outgoing-0 >> "User-Agent: Apache-HttpClient/4.5.3 (Java/1.8.0_201)[\r][\n]"
12:40:58,109 DEBUG wire:73 - http-outgoing-0 >> "Accept-Encoding: gzip,deflate[\r][\n]"
12:40:58,109 DEBUG wire:73 - http-outgoing-0 >> "[\r][\n]"
12:40:58,109 DEBUG wire:87 - http-outgoing-0 >> "{"id":"7b83d88c-d0fc-4e50-a3e4-c62c4a2e32ae"}"
12:41:00,382 DEBUG wire:73 - http-outgoing-0 << "HTTP/1.1 200 OK[\r][\n]"
12:41:00,382 DEBUG wire:73 - http-outgoing-0 << "Content-Length:14[\r][\n]"
12:41:00,382 DEBUG wire:73 - http-outgoing-0 << "Content-Type:application/json; charset=utf-8[\r][\n]"
12:41:00,383 DEBUG wire:73 - http-outgoing-0 << "cache-control:no-cache[\r][\n]"
12:41:00,383 DEBUG wire:73 - http-outgoing-0 << "[\r][\n]"
12:41:00,383 DEBUG wire:87 - http-outgoing-0 << "{"value":null}"
12:41:00,383 DEBUG headers:122 - http-outgoing-0 << HTTP/1.1 200 OK
12:41:00,384 DEBUG headers:125 - http-outgoing-0 << Content-Length:14
12:41:00,384 DEBUG headers:125 - http-outgoing-0 << Content-Type:application/json; charset=utf-8
12:41:00,384 DEBUG headers:125 - http-outgoing-0 << cache-control:no-cache
12:41:00,384 DEBUG MainClientExec:285 - Connection can be kept alive indefinitely
12:41:00,385 DEBUG PoolingHttpClientConnectionManager:320 - Connection [id: 0][route: {}->http://localhost:19188] can be kept alive indefinitely
12:41:00,385 DEBUG PoolingHttpClientConnectionManager:326 - Connection released: [id: 0][route: {}->http://localhost:19188][total kept alive: 1; route allocated: 1 of 2000; total allocated: 1 of 2000]
12:41:00,459 DEBUG RequestAddCookies:123 - CookieSpec selected: default
12:41:00,460 DEBUG RequestAuthCache:77 - Auth cache not set in the context
12:41:00,460 DEBUG PoolingHttpClientConnectionManager:255 - Connection request: [route: {}->http://localhost:19188][total kept alive: 1; route allocated: 1 of 2000; total allocated: 1 of 2000]
12:41:00,460 DEBUG PoolingHttpClientConnectionManager:288 - Connection leased: [id: 0][route: {}->http://localhost:19188][total kept alive: 0; route allocated: 1 of 2000; total allocated: 1 of 2000]
12:41:00,461 DEBUG MainClientExec:208 - Stale connection check
12:41:00,462 DEBUG wire:87 - http-outgoing-0 << "[read] I/O error: Read timed out"
12:41:00,462 DEBUG DefaultManagedHttpClientConnection:88 - http-outgoing-0: set socket timeout to 10800000
12:41:00,462 DEBUG MainClientExec:256 - Executing request POST /session/0fb6baf09abf4363a8a9b807bddb249b/element HTTP/1.1
12:41:00,462 DEBUG MainClientExec:261 - Target auth state: UNCHALLENGED
12:41:00,463 DEBUG MainClientExec:267 - Proxy auth state: UNCHALLENGED
12:41:00,463 DEBUG headers:133 - http-outgoing-0 >> POST /session/0fb6baf09abf4363a8a9b807bddb249b/element HTTP/1.1
12:41:00,463 DEBUG headers:136 - http-outgoing-0 >> Content-Type: application/json; charset=utf-8
12:41:00,463 DEBUG headers:136 - http-outgoing-0 >> Content-Length: 41
12:41:00,464 DEBUG headers:136 - http-outgoing-0 >> Host: localhost:19188
12:41:00,464 DEBUG headers:136 - http-outgoing-0 >> Connection: Keep-Alive
12:41:00,464 DEBUG headers:136 - http-outgoing-0 >> User-Agent: Apache-HttpClient/4.5.3 (Java/1.8.0_201)
12:41:00,464 DEBUG headers:136 - http-outgoing-0 >> Accept-Encoding: gzip,deflate
12:41:00,465 DEBUG wire:73 - http-outgoing-0 >> "POST /session/0fb6baf09abf4363a8a9b807bddb249b/element HTTP/1.1[\r][\n]"
12:41:00,465 DEBUG wire:73 - http-outgoing-0 >> "Content-Type: application/json; charset=utf-8[\r][\n]"
12:41:00,465 DEBUG wire:73 - http-outgoing-0 >> "Content-Length: 41[\r][\n]"
12:41:00,465 DEBUG wire:73 - http-outgoing-0 >> "Host: localhost:19188[\r][\n]"
12:41:00,465 DEBUG wire:73 - http-outgoing-0 >> "Connection: Keep-Alive[\r][\n]"
12:41:00,466 DEBUG wire:73 - http-outgoing-0 >> "User-Agent: Apache-HttpClient/4.5.3 (Java/1.8.0_201)[\r][\n]"
12:41:00,466 DEBUG wire:73 - http-outgoing-0 >> "Accept-Encoding: gzip,deflate[\r][\n]"
12:41:00,466 DEBUG wire:73 - http-outgoing-0 >> "[\r][\n]"
12:41:00,466 DEBUG wire:87 - http-outgoing-0 >> "{"value":"#email","using":"css selector"}"
12:41:00,545 DEBUG wire:73 - http-outgoing-0 << "HTTP/1.1 200 OK[\r][\n]"
12:41:00,546 DEBUG wire:73 - http-outgoing-0 << "Content-Length:88[\r][\n]"
12:41:00,546 DEBUG wire:73 - http-outgoing-0 << "Content-Type:application/json; charset=utf-8[\r][\n]"
12:41:00,546 DEBUG wire:73 - http-outgoing-0 << "cache-control:no-cache[\r][\n]"
12:41:00,547 DEBUG wire:73 - http-outgoing-0 << "[\r][\n]"
12:41:00,547 DEBUG wire:87 - http-outgoing-0 << "{"value":{"element-6066-11e4-a52e-4f735466cecf":"cf575dbf-ca1b-43db-9878-2bc220082a20"}}"
12:41:00,547 DEBUG headers:122 - http-outgoing-0 << HTTP/1.1 200 OK
12:41:00,548 DEBUG headers:125 - http-outgoing-0 << Content-Length:88
12:41:00,548 DEBUG headers:125 - http-outgoing-0 << Content-Type:application/json; charset=utf-8
12:41:00,548 DEBUG headers:125 - http-outgoing-0 << cache-control:no-cache
12:41:00,548 DEBUG MainClientExec:285 - Connection can be kept alive indefinitely
12:41:00,549 DEBUG PoolingHttpClientConnectionManager:320 - Connection [id: 0][route: {}->http://localhost:19188] can be kept alive indefinitely
12:41:00,549 DEBUG PoolingHttpClientConnectionManager:326 - Connection released: [id: 0][route: {}->http://localhost:19188][total kept alive: 1; route allocated: 1 of 2000; total allocated: 1 of 2000]
12:41:00,556 DEBUG RequestAddCookies:123 - CookieSpec selected: default
12:41:00,557 DEBUG RequestAuthCache:77 - Auth cache not set in the context
12:41:00,557 DEBUG PoolingHttpClientConnectionManager:255 - Connection request: [route: {}->http://localhost:19188][total kept alive: 1; route allocated: 1 of 2000; total allocated: 1 of 2000]
12:41:00,557 DEBUG PoolingHttpClientConnectionManager:288 - Connection leased: [id: 0][route: {}->http://localhost:19188][total kept alive: 0; route allocated: 1 of 2000; total allocated: 1 of 2000]
12:41:00,558 DEBUG MainClientExec:208 - Stale connection check
12:41:00,560 DEBUG wire:87 - http-outgoing-0 << "[read] I/O error: Read timed out"
12:41:00,560 DEBUG DefaultManagedHttpClientConnection:88 - http-outgoing-0: set socket timeout to 10800000
12:41:00,561 DEBUG MainClientExec:256 - Executing request POST /session/0fb6baf09abf4363a8a9b807bddb249b/element/cf575dbf-ca1b-43db-9878-2bc220082a20/value HTTP/1.1
12:41:00,561 DEBUG MainClientExec:261 - Target auth state: UNCHALLENGED
12:41:00,561 DEBUG MainClientExec:267 - Proxy auth state: UNCHALLENGED
12:41:00,562 DEBUG headers:133 - http-outgoing-0 >> POST /session/0fb6baf09abf4363a8a9b807bddb249b/element/cf575dbf-ca1b-43db-9878-2bc220082a20/value HTTP/1.1
12:41:00,562 DEBUG headers:136 - http-outgoing-0 >> Content-Type: application/json; charset=utf-8
12:41:00,562 DEBUG headers:136 - http-outgoing-0 >> Content-Length: 180
12:41:00,562 DEBUG headers:136 - http-outgoing-0 >> Host: localhost:19188
12:41:00,563 DEBUG headers:136 - http-outgoing-0 >> Connection: Keep-Alive
12:41:00,563 DEBUG headers:136 - http-outgoing-0 >> User-Agent: Apache-HttpClient/4.5.3 (Java/1.8.0_201)
12:41:00,563 DEBUG headers:136 - http-outgoing-0 >> Accept-Encoding: gzip,deflate
12:41:00,564 DEBUG wire:73 - http-outgoing-0 >> "POST /session/0fb6baf09abf4363a8a9b807bddb249b/element/cf575dbf-ca1b-43db-9878-2bc220082a20/value HTTP/1.1[\r][\n]"
12:41:00,564 DEBUG wire:73 - http-outgoing-0 >> "Content-Type: application/json; charset=utf-8[\r][\n]"
12:41:00,564 DEBUG wire:73 - http-outgoing-0 >> "Content-Length: 180[\r][\n]"
12:41:00,564 DEBUG wire:73 - http-outgoing-0 >> "Host: localhost:19188[\r][\n]"
12:41:00,564 DEBUG wire:73 - http-outgoing-0 >> "Connection: Keep-Alive[\r][\n]"
12:41:00,565 DEBUG wire:73 - http-outgoing-0 >> "User-Agent: Apache-HttpClient/4.5.3 (Java/1.8.0_201)[\r][\n]"
12:41:00,565 DEBUG wire:73 - http-outgoing-0 >> "Accept-Encoding: gzip,deflate[\r][\n]"
12:41:00,565 DEBUG wire:73 - http-outgoing-0 >> "[\r][\n]"
12:41:00,565 DEBUG wire:87 - http-outgoing-0 >> "{"id":"cf575dbf-ca1b-43db-9878-2bc220082a20","text":"blog.cucumber@gmail.com","value":["b","l","o","g",".","c","u","c","u","m","b","e","r","@","g","m","a","i","l",".","c","o","m"]}"
12:41:00,985 DEBUG wire:73 - http-outgoing-0 << "HTTP/1.1 200 OK[\r][\n]"
12:41:00,986 DEBUG wire:73 - http-outgoing-0 << "Content-Length:14[\r][\n]"
12:41:00,986 DEBUG wire:73 - http-outgoing-0 << "Content-Type:application/json; charset=utf-8[\r][\n]"
12:41:00,987 DEBUG wire:73 - http-outgoing-0 << "cache-control:no-cache[\r][\n]"
12:41:00,987 DEBUG wire:73 - http-outgoing-0 << "[\r][\n]"
12:41:00,987 DEBUG wire:87 - http-outgoing-0 << "{"value":null}"
12:41:00,988 DEBUG headers:122 - http-outgoing-0 << HTTP/1.1 200 OK
12:41:00,988 DEBUG headers:125 - http-outgoing-0 << Content-Length:14
12:41:00,988 DEBUG headers:125 - http-outgoing-0 << Content-Type:application/json; charset=utf-8
12:41:00,988 DEBUG headers:125 - http-outgoing-0 << cache-control:no-cache
12:41:00,989 DEBUG MainClientExec:285 - Connection can be kept alive indefinitely
12:41:00,989 DEBUG PoolingHttpClientConnectionManager:320 - Connection [id: 0][route: {}->http://localhost:19188] can be kept alive indefinitely
12:41:00,989 DEBUG PoolingHttpClientConnectionManager:326 - Connection released: [id: 0][route: {}->http://localhost:19188][total kept alive: 1; route allocated: 1 of 2000; total allocated: 1 of 2000]
12:41:00,991 DEBUG RequestAddCookies:123 - CookieSpec selected: default
12:41:00,991 DEBUG RequestAuthCache:77 - Auth cache not set in the context
12:41:00,992 DEBUG PoolingHttpClientConnectionManager:255 - Connection request: [route: {}->http://localhost:19188][total kept alive: 1; route allocated: 1 of 2000; total allocated: 1 of 2000]
12:41:00,992 DEBUG PoolingHttpClientConnectionManager:288 - Connection leased: [id: 0][route: {}->http://localhost:19188][total kept alive: 0; route allocated: 1 of 2000; total allocated: 1 of 2000]
12:41:00,992 DEBUG MainClientExec:208 - Stale connection check
12:41:00,993 DEBUG wire:87 - http-outgoing-0 << "[read] I/O error: Read timed out"
12:41:00,993 DEBUG DefaultManagedHttpClientConnection:88 - http-outgoing-0: set socket timeout to 10800000
12:41:00,993 DEBUG MainClientExec:256 - Executing request POST /session/0fb6baf09abf4363a8a9b807bddb249b/element HTTP/1.1
12:41:00,993 DEBUG MainClientExec:261 - Target auth state: UNCHALLENGED
12:41:00,994 DEBUG MainClientExec:267 - Proxy auth state: UNCHALLENGED
12:41:00,994 DEBUG headers:133 - http-outgoing-0 >> POST /session/0fb6baf09abf4363a8a9b807bddb249b/element HTTP/1.1
12:41:00,994 DEBUG headers:136 - http-outgoing-0 >> Content-Type: application/json; charset=utf-8
12:41:00,994 DEBUG headers:136 - http-outgoing-0 >> Content-Length: 42
12:41:00,995 DEBUG headers:136 - http-outgoing-0 >> Host: localhost:19188
12:41:00,995 DEBUG headers:136 - http-outgoing-0 >> Connection: Keep-Alive
12:41:00,995 DEBUG headers:136 - http-outgoing-0 >> User-Agent: Apache-HttpClient/4.5.3 (Java/1.8.0_201)
12:41:00,995 DEBUG headers:136 - http-outgoing-0 >> Accept-Encoding: gzip,deflate
12:41:00,995 DEBUG wire:73 - http-outgoing-0 >> "POST /session/0fb6baf09abf4363a8a9b807bddb249b/element HTTP/1.1[\r][\n]"
12:41:00,996 DEBUG wire:73 - http-outgoing-0 >> "Content-Type: application/json; charset=utf-8[\r][\n]"
12:41:00,996 DEBUG wire:73 - http-outgoing-0 >> "Content-Length: 42[\r][\n]"
12:41:00,996 DEBUG wire:73 - http-outgoing-0 >> "Host: localhost:19188[\r][\n]"
12:41:00,996 DEBUG wire:73 - http-outgoing-0 >> "Connection: Keep-Alive[\r][\n]"
12:41:00,997 DEBUG wire:73 - http-outgoing-0 >> "User-Agent: Apache-HttpClient/4.5.3 (Java/1.8.0_201)[\r][\n]"
12:41:00,997 DEBUG wire:73 - http-outgoing-0 >> "Accept-Encoding: gzip,deflate[\r][\n]"
12:41:00,997 DEBUG wire:73 - http-outgoing-0 >> "[\r][\n]"
12:41:00,997 DEBUG wire:87 - http-outgoing-0 >> "{"value":"#passwd","using":"css selector"}"
12:41:01,025 DEBUG wire:73 - http-outgoing-0 << "HTTP/1.1 200 OK[\r][\n]"
12:41:01,025 DEBUG wire:73 - http-outgoing-0 << "Content-Length:88[\r][\n]"
12:41:01,026 DEBUG wire:73 - http-outgoing-0 << "Content-Type:application/json; charset=utf-8[\r][\n]"
12:41:01,026 DEBUG wire:73 - http-outgoing-0 << "cache-control:no-cache[\r][\n]"
12:41:01,026 DEBUG wire:73 - http-outgoing-0 << "[\r][\n]"
12:41:01,027 DEBUG wire:87 - http-outgoing-0 << "{"value":{"element-6066-11e4-a52e-4f735466cecf":"3d713a7c-7f63-47ed-89d2-3f2befd5ad54"}}"
12:41:01,027 DEBUG headers:122 - http-outgoing-0 << HTTP/1.1 200 OK
12:41:01,027 DEBUG headers:125 - http-outgoing-0 << Content-Length:88
12:41:01,028 DEBUG headers:125 - http-outgoing-0 << Content-Type:application/json; charset=utf-8
12:41:01,028 DEBUG headers:125 - http-outgoing-0 << cache-control:no-cache
12:41:01,028 DEBUG MainClientExec:285 - Connection can be kept alive indefinitely
12:41:01,028 DEBUG PoolingHttpClientConnectionManager:320 - Connection [id: 0][route: {}->http://localhost:19188] can be kept alive indefinitely
12:41:01,029 DEBUG PoolingHttpClientConnectionManager:326 - Connection released: [id: 0][route: {}->http://localhost:19188][total kept alive: 1; route allocated: 1 of 2000; total allocated: 1 of 2000]
12:41:01,031 DEBUG RequestAddCookies:123 - CookieSpec selected: default
12:41:01,031 DEBUG RequestAuthCache:77 - Auth cache not set in the context
12:41:01,031 DEBUG PoolingHttpClientConnectionManager:255 - Connection request: [route: {}->http://localhost:19188][total kept alive: 1; route allocated: 1 of 2000; total allocated: 1 of 2000]
12:41:01,032 DEBUG PoolingHttpClientConnectionManager:288 - Connection leased: [id: 0][route: {}->http://localhost:19188][total kept alive: 0; route allocated: 1 of 2000; total allocated: 1 of 2000]
12:41:01,032 DEBUG MainClientExec:208 - Stale connection check
12:41:01,034 DEBUG wire:87 - http-outgoing-0 << "[read] I/O error: Read timed out"
12:41:01,034 DEBUG DefaultManagedHttpClientConnection:88 - http-outgoing-0: set socket timeout to 10800000
12:41:01,034 DEBUG MainClientExec:256 - Executing request POST /session/0fb6baf09abf4363a8a9b807bddb249b/element/3d713a7c-7f63-47ed-89d2-3f2befd5ad54/value HTTP/1.1
12:41:01,035 DEBUG MainClientExec:261 - Target auth state: UNCHALLENGED
12:41:01,035 DEBUG MainClientExec:267 - Proxy auth state: UNCHALLENGED
12:41:01,035 DEBUG headers:133 - http-outgoing-0 >> POST /session/0fb6baf09abf4363a8a9b807bddb249b/element/3d713a7c-7f63-47ed-89d2-3f2befd5ad54/value HTTP/1.1
12:41:01,035 DEBUG headers:136 - http-outgoing-0 >> Content-Type: application/json; charset=utf-8
12:41:01,036 DEBUG headers:136 - http-outgoing-0 >> Content-Length: 130
12:41:01,036 DEBUG headers:136 - http-outgoing-0 >> Host: localhost:19188
12:41:01,036 DEBUG headers:136 - http-outgoing-0 >> Connection: Keep-Alive
12:41:01,036 DEBUG headers:136 - http-outgoing-0 >> User-Agent: Apache-HttpClient/4.5.3 (Java/1.8.0_201)
12:41:01,037 DEBUG headers:136 - http-outgoing-0 >> Accept-Encoding: gzip,deflate
12:41:01,037 DEBUG wire:73 - http-outgoing-0 >> "POST /session/0fb6baf09abf4363a8a9b807bddb249b/element/3d713a7c-7f63-47ed-89d2-3f2befd5ad54/value HTTP/1.1[\r][\n]"
12:41:01,037 DEBUG wire:73 - http-outgoing-0 >> "Content-Type: application/json; charset=utf-8[\r][\n]"
12:41:01,037 DEBUG wire:73 - http-outgoing-0 >> "Content-Length: 130[\r][\n]"
12:41:01,038 DEBUG wire:73 - http-outgoing-0 >> "Host: localhost:19188[\r][\n]"
12:41:01,038 DEBUG wire:73 - http-outgoing-0 >> "Connection: Keep-Alive[\r][\n]"
12:41:01,038 DEBUG wire:73 - http-outgoing-0 >> "User-Agent: Apache-HttpClient/4.5.3 (Java/1.8.0_201)[\r][\n]"
12:41:01,038 DEBUG wire:73 - http-outgoing-0 >> "Accept-Encoding: gzip,deflate[\r][\n]"
12:41:01,039 DEBUG wire:73 - http-outgoing-0 >> "[\r][\n]"
12:41:01,039 DEBUG wire:87 - http-outgoing-0 >> "{"id":"3d713a7c-7f63-47ed-89d2-3f2befd5ad54","text":"Cucumber@blog","value":["C","u","c","u","m","b","e","r","@","b","l","o","g"]}"
12:41:01,234 DEBUG wire:73 - http-outgoing-0 << "HTTP/1.1 200 OK[\r][\n]"
12:41:01,234 DEBUG wire:73 - http-outgoing-0 << "Content-Length:14[\r][\n]"
12:41:01,235 DEBUG wire:73 - http-outgoing-0 << "Content-Type:application/json; charset=utf-8[\r][\n]"
12:41:01,235 DEBUG wire:73 - http-outgoing-0 << "cache-control:no-cache[\r][\n]"
12:41:01,235 DEBUG wire:73 - http-outgoing-0 << "[\r][\n]"
12:41:01,235 DEBUG wire:87 - http-outgoing-0 << "{"value":null}"
12:41:01,236 DEBUG headers:122 - http-outgoing-0 << HTTP/1.1 200 OK
12:41:01,236 DEBUG headers:125 - http-outgoing-0 << Content-Length:14
12:41:01,236 DEBUG headers:125 - http-outgoing-0 << Content-Type:application/json; charset=utf-8
12:41:01,237 DEBUG headers:125 - http-outgoing-0 << cache-control:no-cache
12:41:01,237 DEBUG MainClientExec:285 - Connection can be kept alive indefinitely
12:41:01,237 DEBUG PoolingHttpClientConnectionManager:320 - Connection [id: 0][route: {}->http://localhost:19188] can be kept alive indefinitely
12:41:01,238 DEBUG PoolingHttpClientConnectionManager:326 - Connection released: [id: 0][route: {}->http://localhost:19188][total kept alive: 1; route allocated: 1 of 2000; total allocated: 1 of 2000]
12:41:01,240 DEBUG RequestAddCookies:123 - CookieSpec selected: default
12:41:01,240 DEBUG RequestAuthCache:77 - Auth cache not set in the context
12:41:01,240 DEBUG PoolingHttpClientConnectionManager:255 - Connection request: [route: {}->http://localhost:19188][total kept alive: 1; route allocated: 1 of 2000; total allocated: 1 of 2000]
12:41:01,241 DEBUG PoolingHttpClientConnectionManager:288 - Connection leased: [id: 0][route: {}->http://localhost:19188][total kept alive: 0; route allocated: 1 of 2000; total allocated: 1 of 2000]
12:41:01,241 DEBUG MainClientExec:208 - Stale connection check
12:41:01,242 DEBUG wire:87 - http-outgoing-0 << "[read] I/O error: Read timed out"
12:41:01,242 DEBUG DefaultManagedHttpClientConnection:88 - http-outgoing-0: set socket timeout to 10800000
12:41:01,242 DEBUG MainClientExec:256 - Executing request POST /session/0fb6baf09abf4363a8a9b807bddb249b/element HTTP/1.1
12:41:01,243 DEBUG MainClientExec:261 - Target auth state: UNCHALLENGED
12:41:01,243 DEBUG MainClientExec:267 - Proxy auth state: UNCHALLENGED
12:41:01,243 DEBUG headers:133 - http-outgoing-0 >> POST /session/0fb6baf09abf4363a8a9b807bddb249b/element HTTP/1.1
12:41:01,243 DEBUG headers:136 - http-outgoing-0 >> Content-Type: application/json; charset=utf-8
12:41:01,244 DEBUG headers:136 - http-outgoing-0 >> Content-Length: 47
12:41:01,244 DEBUG headers:136 - http-outgoing-0 >> Host: localhost:19188
12:41:01,244 DEBUG headers:136 - http-outgoing-0 >> Connection: Keep-Alive
12:41:01,244 DEBUG headers:136 - http-outgoing-0 >> User-Agent: Apache-HttpClient/4.5.3 (Java/1.8.0_201)
12:41:01,245 DEBUG headers:136 - http-outgoing-0 >> Accept-Encoding: gzip,deflate
12:41:01,245 DEBUG wire:73 - http-outgoing-0 >> "POST /session/0fb6baf09abf4363a8a9b807bddb249b/element HTTP/1.1[\r][\n]"
12:41:01,245 DEBUG wire:73 - http-outgoing-0 >> "Content-Type: application/json; charset=utf-8[\r][\n]"
12:41:01,245 DEBUG wire:73 - http-outgoing-0 >> "Content-Length: 47[\r][\n]"
12:41:01,245 DEBUG wire:73 - http-outgoing-0 >> "Host: localhost:19188[\r][\n]"
12:41:01,246 DEBUG wire:73 - http-outgoing-0 >> "Connection: Keep-Alive[\r][\n]"
12:41:01,246 DEBUG wire:73 - http-outgoing-0 >> "User-Agent: Apache-HttpClient/4.5.3 (Java/1.8.0_201)[\r][\n]"
12:41:01,247 DEBUG wire:73 - http-outgoing-0 >> "Accept-Encoding: gzip,deflate[\r][\n]"
12:41:01,247 DEBUG wire:73 - http-outgoing-0 >> "[\r][\n]"
12:41:01,247 DEBUG wire:87 - http-outgoing-0 >> "{"value":"#SubmitLogin","using":"css selector"}"
12:41:01,266 DEBUG wire:73 - http-outgoing-0 << "HTTP/1.1 200 OK[\r][\n]"
12:41:01,267 DEBUG wire:73 - http-outgoing-0 << "Content-Length:88[\r][\n]"
12:41:01,267 DEBUG wire:73 - http-outgoing-0 << "Content-Type:application/json; charset=utf-8[\r][\n]"
12:41:01,267 DEBUG wire:73 - http-outgoing-0 << "cache-control:no-cache[\r][\n]"
12:41:01,268 DEBUG wire:73 - http-outgoing-0 << "[\r][\n]"
12:41:01,268 DEBUG wire:87 - http-outgoing-0 << "{"value":{"element-6066-11e4-a52e-4f735466cecf":"bd599c04-9543-40d4-a1df-330a5d08cace"}}"
12:41:01,268 DEBUG headers:122 - http-outgoing-0 << HTTP/1.1 200 OK
12:41:01,268 DEBUG headers:125 - http-outgoing-0 << Content-Length:88
12:41:01,268 DEBUG headers:125 - http-outgoing-0 << Content-Type:application/json; charset=utf-8
12:41:01,269 DEBUG headers:125 - http-outgoing-0 << cache-control:no-cache
12:41:01,269 DEBUG MainClientExec:285 - Connection can be kept alive indefinitely
12:41:01,269 DEBUG PoolingHttpClientConnectionManager:320 - Connection [id: 0][route: {}->http://localhost:19188] can be kept alive indefinitely
12:41:01,270 DEBUG PoolingHttpClientConnectionManager:326 - Connection released: [id: 0][route: {}->http://localhost:19188][total kept alive: 1; route allocated: 1 of 2000; total allocated: 1 of 2000]
12:41:01,272 DEBUG RequestAddCookies:123 - CookieSpec selected: default
12:41:01,272 DEBUG RequestAuthCache:77 - Auth cache not set in the context
12:41:01,272 DEBUG PoolingHttpClientConnectionManager:255 - Connection request: [route: {}->http://localhost:19188][total kept alive: 1; route allocated: 1 of 2000; total allocated: 1 of 2000]
12:41:01,273 DEBUG PoolingHttpClientConnectionManager:288 - Connection leased: [id: 0][route: {}->http://localhost:19188][total kept alive: 0; route allocated: 1 of 2000; total allocated: 1 of 2000]
12:41:01,273 DEBUG MainClientExec:208 - Stale connection check
12:41:01,275 DEBUG wire:87 - http-outgoing-0 << "[read] I/O error: Read timed out"
12:41:01,275 DEBUG DefaultManagedHttpClientConnection:88 - http-outgoing-0: set socket timeout to 10800000
12:41:01,276 DEBUG MainClientExec:256 - Executing request POST /session/0fb6baf09abf4363a8a9b807bddb249b/element/bd599c04-9543-40d4-a1df-330a5d08cace/click HTTP/1.1
12:41:01,276 DEBUG MainClientExec:261 - Target auth state: UNCHALLENGED
12:41:01,276 DEBUG MainClientExec:267 - Proxy auth state: UNCHALLENGED
12:41:01,276 DEBUG headers:133 - http-outgoing-0 >> POST /session/0fb6baf09abf4363a8a9b807bddb249b/element/bd599c04-9543-40d4-a1df-330a5d08cace/click HTTP/1.1
12:41:01,276 DEBUG headers:136 - http-outgoing-0 >> Content-Type: application/json; charset=utf-8
12:41:01,277 DEBUG headers:136 - http-outgoing-0 >> Content-Length: 45
12:41:01,277 DEBUG headers:136 - http-outgoing-0 >> Host: localhost:19188
12:41:01,277 DEBUG headers:136 - http-outgoing-0 >> Connection: Keep-Alive
12:41:01,277 DEBUG headers:136 - http-outgoing-0 >> User-Agent: Apache-HttpClient/4.5.3 (Java/1.8.0_201)
12:41:01,277 DEBUG headers:136 - http-outgoing-0 >> Accept-Encoding: gzip,deflate
12:41:01,278 DEBUG wire:73 - http-outgoing-0 >> "POST /session/0fb6baf09abf4363a8a9b807bddb249b/element/bd599c04-9543-40d4-a1df-330a5d08cace/click HTTP/1.1[\r][\n]"
12:41:01,278 DEBUG wire:73 - http-outgoing-0 >> "Content-Type: application/json; charset=utf-8[\r][\n]"
12:41:01,278 DEBUG wire:73 - http-outgoing-0 >> "Content-Length: 45[\r][\n]"
12:41:01,278 DEBUG wire:73 - http-outgoing-0 >> "Host: localhost:19188[\r][\n]"
12:41:01,279 DEBUG wire:73 - http-outgoing-0 >> "Connection: Keep-Alive[\r][\n]"
12:41:01,279 DEBUG wire:73 - http-outgoing-0 >> "User-Agent: Apache-HttpClient/4.5.3 (Java/1.8.0_201)[\r][\n]"
12:41:01,279 DEBUG wire:73 - http-outgoing-0 >> "Accept-Encoding: gzip,deflate[\r][\n]"
12:41:01,279 DEBUG wire:73 - http-outgoing-0 >> "[\r][\n]"
12:41:01,279 DEBUG wire:87 - http-outgoing-0 >> "{"id":"bd599c04-9543-40d4-a1df-330a5d08cace"}"
12:41:03,509 DEBUG wire:73 - http-outgoing-0 << "HTTP/1.1 200 OK[\r][\n]"
12:41:03,509 DEBUG wire:73 - http-outgoing-0 << "Content-Length:14[\r][\n]"
12:41:03,510 DEBUG wire:73 - http-outgoing-0 << "Content-Type:application/json; charset=utf-8[\r][\n]"
12:41:03,510 DEBUG wire:73 - http-outgoing-0 << "cache-control:no-cache[\r][\n]"
12:41:03,510 DEBUG wire:73 - http-outgoing-0 << "[\r][\n]"
12:41:03,511 DEBUG wire:87 - http-outgoing-0 << "{"value":null}"
12:41:03,511 DEBUG headers:122 - http-outgoing-0 << HTTP/1.1 200 OK
12:41:03,511 DEBUG headers:125 - http-outgoing-0 << Content-Length:14
12:41:03,512 DEBUG headers:125 - http-outgoing-0 << Content-Type:application/json; charset=utf-8
12:41:03,512 DEBUG headers:125 - http-outgoing-0 << cache-control:no-cache
12:41:03,512 DEBUG MainClientExec:285 - Connection can be kept alive indefinitely
12:41:03,513 DEBUG PoolingHttpClientConnectionManager:320 - Connection [id: 0][route: {}->http://localhost:19188] can be kept alive indefinitely
12:41:03,513 DEBUG PoolingHttpClientConnectionManager:326 - Connection released: [id: 0][route: {}->http://localhost:19188][total kept alive: 1; route allocated: 1 of 2000; total allocated: 1 of 2000]
12:41:03,518 DEBUG RequestAddCookies:123 - CookieSpec selected: default
12:41:03,518 DEBUG RequestAuthCache:77 - Auth cache not set in the context
12:41:03,518 DEBUG PoolingHttpClientConnectionManager:255 - Connection request: [route: {}->http://localhost:19188][total kept alive: 1; route allocated: 1 of 2000; total allocated: 1 of 2000]
12:41:03,519 DEBUG PoolingHttpClientConnectionManager:288 - Connection leased: [id: 0][route: {}->http://localhost:19188][total kept alive: 0; route allocated: 1 of 2000; total allocated: 1 of 2000]
12:41:03,519 DEBUG MainClientExec:208 - Stale connection check
12:41:03,520 DEBUG wire:87 - http-outgoing-0 << "[read] I/O error: Read timed out"
12:41:03,520 DEBUG DefaultManagedHttpClientConnection:88 - http-outgoing-0: set socket timeout to 10800000
12:41:03,520 DEBUG MainClientExec:256 - Executing request POST /session/0fb6baf09abf4363a8a9b807bddb249b/element HTTP/1.1
12:41:03,520 DEBUG MainClientExec:261 - Target auth state: UNCHALLENGED
12:41:03,521 DEBUG MainClientExec:267 - Proxy auth state: UNCHALLENGED
12:41:03,521 DEBUG headers:133 - http-outgoing-0 >> POST /session/0fb6baf09abf4363a8a9b807bddb249b/element HTTP/1.1
12:41:03,521 DEBUG headers:136 - http-outgoing-0 >> Content-Type: application/json; charset=utf-8
12:41:03,521 DEBUG headers:136 - http-outgoing-0 >> Content-Length: 69
12:41:03,522 DEBUG headers:136 - http-outgoing-0 >> Host: localhost:19188
12:41:03,522 DEBUG headers:136 - http-outgoing-0 >> Connection: Keep-Alive
12:41:03,522 DEBUG headers:136 - http-outgoing-0 >> User-Agent: Apache-HttpClient/4.5.3 (Java/1.8.0_201)
12:41:03,522 DEBUG headers:136 - http-outgoing-0 >> Accept-Encoding: gzip,deflate
12:41:03,523 DEBUG wire:73 - http-outgoing-0 >> "POST /session/0fb6baf09abf4363a8a9b807bddb249b/element HTTP/1.1[\r][\n]"
12:41:03,523 DEBUG wire:73 - http-outgoing-0 >> "Content-Type: application/json; charset=utf-8[\r][\n]"
12:41:03,523 DEBUG wire:73 - http-outgoing-0 >> "Content-Length: 69[\r][\n]"
12:41:03,523 DEBUG wire:73 - http-outgoing-0 >> "Host: localhost:19188[\r][\n]"
12:41:03,524 DEBUG wire:73 - http-outgoing-0 >> "Connection: Keep-Alive[\r][\n]"
12:41:03,524 DEBUG wire:73 - http-outgoing-0 >> "User-Agent: Apache-HttpClient/4.5.3 (Java/1.8.0_201)[\r][\n]"
12:41:03,524 DEBUG wire:73 - http-outgoing-0 >> "Accept-Encoding: gzip,deflate[\r][\n]"
12:41:03,524 DEBUG wire:73 - http-outgoing-0 >> "[\r][\n]"
12:41:03,524 DEBUG wire:87 - http-outgoing-0 >> "{"value":"//*[@id\u003d\u0027center_column\u0027]/p","using":"xpath"}"
12:41:03,567 DEBUG wire:73 - http-outgoing-0 << "HTTP/1.1 200 OK[\r][\n]"
12:41:03,567 DEBUG wire:73 - http-outgoing-0 << "Content-Length:88[\r][\n]"
12:41:03,568 DEBUG wire:73 - http-outgoing-0 << "Content-Type:application/json; charset=utf-8[\r][\n]"
12:41:03,568 DEBUG wire:73 - http-outgoing-0 << "cache-control:no-cache[\r][\n]"
12:41:03,568 DEBUG wire:73 - http-outgoing-0 << "[\r][\n]"
12:41:03,568 DEBUG wire:87 - http-outgoing-0 << "{"value":{"element-6066-11e4-a52e-4f735466cecf":"49db796a-97e9-4a08-9c73-e51125e34d23"}}"
12:41:03,569 DEBUG headers:122 - http-outgoing-0 << HTTP/1.1 200 OK
12:41:03,569 DEBUG headers:125 - http-outgoing-0 << Content-Length:88
12:41:03,569 DEBUG headers:125 - http-outgoing-0 << Content-Type:application/json; charset=utf-8
12:41:03,570 DEBUG headers:125 - http-outgoing-0 << cache-control:no-cache
12:41:03,570 DEBUG MainClientExec:285 - Connection can be kept alive indefinitely
12:41:03,570 DEBUG PoolingHttpClientConnectionManager:320 - Connection [id: 0][route: {}->http://localhost:19188] can be kept alive indefinitely
12:41:03,571 DEBUG PoolingHttpClientConnectionManager:326 - Connection released: [id: 0][route: {}->http://localhost:19188][total kept alive: 1; route allocated: 1 of 2000; total allocated: 1 of 2000]
12:41:03,573 DEBUG RequestAddCookies:123 - CookieSpec selected: default
12:41:03,574 DEBUG RequestAuthCache:77 - Auth cache not set in the context
12:41:03,574 DEBUG PoolingHttpClientConnectionManager:255 - Connection request: [route: {}->http://localhost:19188][total kept alive: 1; route allocated: 1 of 2000; total allocated: 1 of 2000]
12:41:03,574 DEBUG PoolingHttpClientConnectionManager:288 - Connection leased: [id: 0][route: {}->http://localhost:19188][total kept alive: 0; route allocated: 1 of 2000; total allocated: 1 of 2000]
12:41:03,574 DEBUG MainClientExec:208 - Stale connection check
12:41:03,576 DEBUG wire:87 - http-outgoing-0 << "[read] I/O error: Read timed out"
12:41:03,576 DEBUG DefaultManagedHttpClientConnection:88 - http-outgoing-0: set socket timeout to 10800000
12:41:03,576 DEBUG MainClientExec:256 - Executing request GET /session/0fb6baf09abf4363a8a9b807bddb249b/element/49db796a-97e9-4a08-9c73-e51125e34d23/text HTTP/1.1
12:41:03,577 DEBUG MainClientExec:261 - Target auth state: UNCHALLENGED
12:41:03,577 DEBUG MainClientExec:267 - Proxy auth state: UNCHALLENGED
12:41:03,578 DEBUG headers:133 - http-outgoing-0 >> GET /session/0fb6baf09abf4363a8a9b807bddb249b/element/49db796a-97e9-4a08-9c73-e51125e34d23/text HTTP/1.1
12:41:03,578 DEBUG headers:136 - http-outgoing-0 >> Cache-Control: no-cache
12:41:03,578 DEBUG headers:136 - http-outgoing-0 >> Host: localhost:19188
12:41:03,578 DEBUG headers:136 - http-outgoing-0 >> Connection: Keep-Alive
12:41:03,578 DEBUG headers:136 - http-outgoing-0 >> User-Agent: Apache-HttpClient/4.5.3 (Java/1.8.0_201)
12:41:03,579 DEBUG headers:136 - http-outgoing-0 >> Accept-Encoding: gzip,deflate
12:41:03,579 DEBUG wire:73 - http-outgoing-0 >> "GET /session/0fb6baf09abf4363a8a9b807bddb249b/element/49db796a-97e9-4a08-9c73-e51125e34d23/text HTTP/1.1[\r][\n]"
12:41:03,579 DEBUG wire:73 - http-outgoing-0 >> "Cache-Control: no-cache[\r][\n]"
12:41:03,580 DEBUG wire:73 - http-outgoing-0 >> "Host: localhost:19188[\r][\n]"
12:41:03,580 DEBUG wire:73 - http-outgoing-0 >> "Connection: Keep-Alive[\r][\n]"
12:41:03,580 DEBUG wire:73 - http-outgoing-0 >> "User-Agent: Apache-HttpClient/4.5.3 (Java/1.8.0_201)[\r][\n]"
12:41:03,581 DEBUG wire:73 - http-outgoing-0 >> "Accept-Encoding: gzip,deflate[\r][\n]"
12:41:03,581 DEBUG wire:73 - http-outgoing-0 >> "[\r][\n]"
12:41:03,625 DEBUG wire:73 - http-outgoing-0 << "HTTP/1.1 200 OK[\r][\n]"
12:41:03,625 DEBUG wire:73 - http-outgoing-0 << "Content-Length:101[\r][\n]"
12:41:03,626 DEBUG wire:73 - http-outgoing-0 << "Content-Type:application/json; charset=utf-8[\r][\n]"
12:41:03,626 DEBUG wire:73 - http-outgoing-0 << "cache-control:no-cache[\r][\n]"
12:41:03,626 DEBUG wire:73 - http-outgoing-0 << "[\r][\n]"
12:41:03,627 DEBUG wire:87 - http-outgoing-0 << "{"value":"Welcome to your account. Here you can manage all of your personal information and orders."}"
12:41:03,627 DEBUG headers:122 - http-outgoing-0 << HTTP/1.1 200 OK
12:41:03,627 DEBUG headers:125 - http-outgoing-0 << Content-Length:101
12:41:03,628 DEBUG headers:125 - http-outgoing-0 << Content-Type:application/json; charset=utf-8
12:41:03,628 DEBUG headers:125 - http-outgoing-0 << cache-control:no-cache
12:41:03,628 DEBUG MainClientExec:285 - Connection can be kept alive indefinitely
12:41:03,629 DEBUG PoolingHttpClientConnectionManager:320 - Connection [id: 0][route: {}->http://localhost:19188] can be kept alive indefinitely
12:41:03,629 DEBUG PoolingHttpClientConnectionManager:326 - Connection released: [id: 0][route: {}->http://localhost:19188][total kept alive: 1; route allocated: 1 of 2000; total allocated: 1 of 2000]
12:41:03,633 DEBUG RequestAddCookies:123 - CookieSpec selected: default
12:41:03,634 DEBUG RequestAuthCache:77 - Auth cache not set in the context
12:41:03,634 DEBUG PoolingHttpClientConnectionManager:255 - Connection request: [route: {}->http://localhost:19188][total kept alive: 1; route allocated: 1 of 2000; total allocated: 1 of 2000]
12:41:03,634 DEBUG PoolingHttpClientConnectionManager:288 - Connection leased: [id: 0][route: {}->http://localhost:19188][total kept alive: 0; route allocated: 1 of 2000; total allocated: 1 of 2000]
12:41:03,635 DEBUG MainClientExec:208 - Stale connection check
12:41:03,636 DEBUG wire:87 - http-outgoing-0 << "[read] I/O error: Read timed out"
12:41:03,636 DEBUG DefaultManagedHttpClientConnection:88 - http-outgoing-0: set socket timeout to 10800000
12:41:03,636 DEBUG MainClientExec:256 - Executing request DELETE /session/0fb6baf09abf4363a8a9b807bddb249b HTTP/1.1
12:41:03,636 DEBUG MainClientExec:261 - Target auth state: UNCHALLENGED
12:41:03,637 DEBUG MainClientExec:267 - Proxy auth state: UNCHALLENGED
12:41:03,637 DEBUG headers:133 - http-outgoing-0 >> DELETE /session/0fb6baf09abf4363a8a9b807bddb249b HTTP/1.1
12:41:03,637 DEBUG headers:136 - http-outgoing-0 >> Host: localhost:19188
12:41:03,637 DEBUG headers:136 - http-outgoing-0 >> Connection: Keep-Alive
12:41:03,637 DEBUG headers:136 - http-outgoing-0 >> User-Agent: Apache-HttpClient/4.5.3 (Java/1.8.0_201)
12:41:03,638 DEBUG headers:136 - http-outgoing-0 >> Accept-Encoding: gzip,deflate
12:41:03,638 DEBUG wire:73 - http-outgoing-0 >> "DELETE /session/0fb6baf09abf4363a8a9b807bddb249b HTTP/1.1[\r][\n]"
12:41:03,638 DEBUG wire:73 - http-outgoing-0 >> "Host: localhost:19188[\r][\n]"
12:41:03,638 DEBUG wire:73 - http-outgoing-0 >> "Connection: Keep-Alive[\r][\n]"
12:41:03,638 DEBUG wire:73 - http-outgoing-0 >> "User-Agent: Apache-HttpClient/4.5.3 (Java/1.8.0_201)[\r][\n]"
12:41:03,639 DEBUG wire:73 - http-outgoing-0 >> "Accept-Encoding: gzip,deflate[\r][\n]"
12:41:03,639 DEBUG wire:73 - http-outgoing-0 >> "[\r][\n]"
12:41:03,887 DEBUG wire:73 - http-outgoing-0 << "HTTP/1.1 200 OK[\r][\n]"
12:41:03,887 DEBUG wire:73 - http-outgoing-0 << "Content-Length:14[\r][\n]"
12:41:03,887 DEBUG wire:73 - http-outgoing-0 << "Content-Type:application/json; charset=utf-8[\r][\n]"
12:41:03,888 DEBUG wire:73 - http-outgoing-0 << "cache-control:no-cache[\r][\n]"
12:41:03,888 DEBUG wire:73 - http-outgoing-0 << "[\r][\n]"
12:41:03,888 DEBUG wire:87 - http-outgoing-0 << "{"value":null}"
12:41:03,888 DEBUG headers:122 - http-outgoing-0 << HTTP/1.1 200 OK
12:41:03,889 DEBUG headers:125 - http-outgoing-0 << Content-Length:14
12:41:03,889 DEBUG headers:125 - http-outgoing-0 << Content-Type:application/json; charset=utf-8
12:41:03,889 DEBUG headers:125 - http-outgoing-0 << cache-control:no-cache
12:41:03,889 DEBUG MainClientExec:285 - Connection can be kept alive indefinitely
12:41:03,890 DEBUG PoolingHttpClientConnectionManager:320 - Connection [id: 0][route: {}->http://localhost:19188] can be kept alive indefinitely
12:41:03,890 DEBUG PoolingHttpClientConnectionManager:326 - Connection released: [id: 0][route: {}->http://localhost:19188][total kept alive: 1; route allocated: 1 of 2000; total allocated: 1 of 2000]
12:41:03,893 DEBUG PoolingHttpClientConnectionManager:407 - Closing connections idle longer than 0 SECONDS
12:41:03,893 DEBUG DefaultManagedHttpClientConnection:79 - http-outgoing-0: Close connection
12:41:05,077 DEBUG cache:45 - Couldn't find template in cache for "index.ftl"("en", UTF-8, parsed); will try to load it.
12:41:05,079 DEBUG cache:45 - TemplateLoader.findTemplateSource("index_en.ftl"): Not found
12:41:05,082 DEBUG cache:45 - TemplateLoader.findTemplateSource("index.ftl"): Found
12:41:05,082 DEBUG cache:45 - Loading template for "index.ftl"("en", UTF-8, parsed) from "jar:file:/C:/Users/praskaru/.m2/repository/com/aventstack/extentreports/3.1.2/extentreports-3.1.2.jar!/com/aventstack/extentreports/view/html-report/index.ftl"
12:41:05,396 DEBUG cache:45 - Couldn't find template in cache for "head.ftl"("en", UTF-8, parsed); will try to load it.
12:41:05,396 DEBUG cache:45 - TemplateLoader.findTemplateSource("head_en.ftl"): Not found
12:41:05,397 DEBUG cache:45 - TemplateLoader.findTemplateSource("head.ftl"): Found
12:41:05,397 DEBUG cache:45 - Loading template for "head.ftl"("en", UTF-8, parsed) from "jar:file:/C:/Users/praskaru/.m2/repository/com/aventstack/extentreports/3.1.2/extentreports-3.1.2.jar!/com/aventstack/extentreports/view/html-report/head.ftl"
12:41:05,427 DEBUG cache:45 - Couldn't find template in cache for "nav.ftl"("en", UTF-8, parsed); will try to load it.
12:41:05,427 DEBUG cache:45 - TemplateLoader.findTemplateSource("nav_en.ftl"): Not found
12:41:05,428 DEBUG cache:45 - TemplateLoader.findTemplateSource("nav.ftl"): Found
12:41:05,428 DEBUG cache:45 - Loading template for "nav.ftl"("en", UTF-8, parsed) from "jar:file:/C:/Users/praskaru/.m2/repository/com/aventstack/extentreports/3.1.2/extentreports-3.1.2.jar!/com/aventstack/extentreports/view/html-report/nav.ftl"
12:41:05,436 DEBUG cache:45 - Couldn't find template in cache for "test-view/test-view.ftl"("en", UTF-8, parsed); will try to load it.
12:41:05,437 DEBUG cache:45 - TemplateLoader.findTemplateSource("test-view/test-view_en.ftl"): Not found
12:41:05,437 DEBUG cache:45 - TemplateLoader.findTemplateSource("test-view/test-view.ftl"): Found
12:41:05,437 DEBUG cache:45 - Loading template for "test-view/test-view.ftl"("en", UTF-8, parsed) from "jar:file:/C:/Users/praskaru/.m2/repository/com/aventstack/extentreports/3.1.2/extentreports-3.1.2.jar!/com/aventstack/extentreports/view/html-report/test-view/test-view.ftl"
12:41:05,450 DEBUG cache:45 - Couldn't find template in cache for "test-view/test-view-charts.ftl"("en", UTF-8, parsed); will try to load it.
12:41:05,451 DEBUG cache:45 - TemplateLoader.findTemplateSource("test-view/test-view-charts_en.ftl"): Not found
12:41:05,451 DEBUG cache:45 - TemplateLoader.findTemplateSource("test-view/test-view-charts.ftl"): Found
12:41:05,452 DEBUG cache:45 - Loading template for "test-view/test-view-charts.ftl"("en", UTF-8, parsed) from "jar:file:/C:/Users/praskaru/.m2/repository/com/aventstack/extentreports/3.1.2/extentreports-3.1.2.jar!/com/aventstack/extentreports/view/html-report/test-view/test-view-charts.ftl"
12:41:05,466 DEBUG cache:45 - Couldn't find template in cache for "test-view/bdd.ftl"("en", UTF-8, parsed); will try to load it.
12:41:05,466 DEBUG cache:45 - TemplateLoader.findTemplateSource("test-view/bdd_en.ftl"): Not found
12:41:05,467 DEBUG cache:45 - TemplateLoader.findTemplateSource("test-view/bdd.ftl"): Found
12:41:05,467 DEBUG cache:45 - Loading template for "test-view/bdd.ftl"("en", UTF-8, parsed) from "jar:file:/C:/Users/praskaru/.m2/repository/com/aventstack/extentreports/3.1.2/extentreports-3.1.2.jar!/com/aventstack/extentreports/view/html-report/test-view/bdd.ftl"
12:41:05,491 DEBUG cache:45 - Couldn't find template in cache for "category-view/category-view.ftl"("en", UTF-8, parsed); will try to load it.
12:41:05,492 DEBUG cache:45 - TemplateLoader.findTemplateSource("category-view/category-view_en.ftl"): Not found
12:41:05,493 DEBUG cache:45 - TemplateLoader.findTemplateSource("category-view/category-view.ftl"): Found
12:41:05,493 DEBUG cache:45 - Loading template for "category-view/category-view.ftl"("en", UTF-8, parsed) from "jar:file:/C:/Users/praskaru/.m2/repository/com/aventstack/extentreports/3.1.2/extentreports-3.1.2.jar!/com/aventstack/extentreports/view/html-report/category-view/category-view.ftl"
12:41:05,497 DEBUG cache:45 - Couldn't find template in cache for "author-view/author-view.ftl"("en", UTF-8, parsed); will try to load it.
12:41:05,498 DEBUG cache:45 - TemplateLoader.findTemplateSource("author-view/author-view_en.ftl"): Not found
12:41:05,498 DEBUG cache:45 - TemplateLoader.findTemplateSource("author-view/author-view.ftl"): Found
12:41:05,499 DEBUG cache:45 - Loading template for "author-view/author-view.ftl"("en", UTF-8, parsed) from "jar:file:/C:/Users/praskaru/.m2/repository/com/aventstack/extentreports/3.1.2/extentreports-3.1.2.jar!/com/aventstack/extentreports/view/html-report/author-view/author-view.ftl"
12:41:05,504 DEBUG cache:45 - Couldn't find template in cache for "exception-view/exception-view.ftl"("en", UTF-8, parsed); will try to load it.
12:41:05,505 DEBUG cache:45 - TemplateLoader.findTemplateSource("exception-view/exception-view_en.ftl"): Not found
12:41:05,505 DEBUG cache:45 - TemplateLoader.findTemplateSource("exception-view/exception-view.ftl"): Found
12:41:05,505 DEBUG cache:45 - Loading template for "exception-view/exception-view.ftl"("en", UTF-8, parsed) from "jar:file:/C:/Users/praskaru/.m2/repository/com/aventstack/extentreports/3.1.2/extentreports-3.1.2.jar!/com/aventstack/extentreports/view/html-report/exception-view/exception-view.ftl"
12:41:05,509 DEBUG cache:45 - Couldn't find template in cache for "dashboard-view/dashboard-view.ftl"("en", UTF-8, parsed); will try to load it.
12:41:05,510 DEBUG cache:45 - TemplateLoader.findTemplateSource("dashboard-view/dashboard-view_en.ftl"): Not found
12:41:05,510 DEBUG cache:45 - TemplateLoader.findTemplateSource("dashboard-view/dashboard-view.ftl"): Found
12:41:05,511 DEBUG cache:45 - Loading template for "dashboard-view/dashboard-view.ftl"("en", UTF-8, parsed) from "jar:file:/C:/Users/praskaru/.m2/repository/com/aventstack/extentreports/3.1.2/extentreports-3.1.2.jar!/com/aventstack/extentreports/view/html-report/dashboard-view/dashboard-view.ftl"
12:41:05,521 DEBUG cache:45 - Couldn't find template in cache for "logs-view/testrunner-logs-view.ftl"("en", UTF-8, parsed); will try to load it.
12:41:05,522 DEBUG cache:45 - TemplateLoader.findTemplateSource("logs-view/testrunner-logs-view_en.ftl"): Not found
12:41:05,522 DEBUG cache:45 - TemplateLoader.findTemplateSource("logs-view/testrunner-logs-view.ftl"): Found
12:41:05,523 DEBUG cache:45 - Loading template for "logs-view/testrunner-logs-view.ftl"("en", UTF-8, parsed) from "jar:file:/C:/Users/praskaru/.m2/repository/com/aventstack/extentreports/3.1.2/extentreports-3.1.2.jar!/com/aventstack/extentreports/view/html-report/logs-view/testrunner-logs-view.ftl"
